mode: set
github.com/h2p2f/practicum-metrics/internal/server/httpserver/handlers/getallmetrics/getallmetrics.go:19.62,20.54 1 1
github.com/h2p2f/practicum-metrics/internal/server/httpserver/handlers/getallmetrics/getallmetrics.go:20.54,22.33 1 1
github.com/h2p2f/practicum-metrics/internal/server/httpserver/handlers/getallmetrics/getallmetrics.go:22.33,26.4 3 1
github.com/h2p2f/practicum-metrics/internal/server/httpserver/handlers/getallmetrics/getallmetrics.go:29.3,39.17 5 1
github.com/h2p2f/practicum-metrics/internal/server/httpserver/handlers/getallmetrics/getallmetrics.go:39.17,43.4 3 0
github.com/h2p2f/practicum-metrics/internal/server/httpserver/handlers/getallmetrics/getallmetrics.go:46.3,46.30 1 1
github.com/h2p2f/practicum-metrics/internal/server/httpserver/handlers/getallmetrics/getallmetrics.go:46.30,48.18 2 1
github.com/h2p2f/practicum-metrics/internal/server/httpserver/handlers/getallmetrics/getallmetrics.go:48.18,52.5 3 0
github.com/h2p2f/practicum-metrics/internal/server/httpserver/handlers/getallmetrics/getallmetrics.go:56.3,57.17 2 1
github.com/h2p2f/practicum-metrics/internal/server/httpserver/handlers/getallmetrics/getallmetrics.go:57.17,61.4 3 0
github.com/h2p2f/practicum-metrics/internal/server/httpserver/handlers/getallmetrics/getallmetrics.go:64.3,64.28 1 1
github.com/h2p2f/practicum-metrics/internal/server/httpserver/handlers/getallmetrics/getallmetrics.go:64.28,66.18 2 1
github.com/h2p2f/practicum-metrics/internal/server/httpserver/handlers/getallmetrics/getallmetrics.go:66.18,70.5 3 0
github.com/h2p2f/practicum-metrics/internal/server/httpserver/handlers/getmetric/getmetric.go:20.62,21.54 1 1
github.com/h2p2f/practicum-metrics/internal/server/httpserver/handlers/getmetric/getmetric.go:21.54,23.33 1 1
github.com/h2p2f/practicum-metrics/internal/server/httpserver/handlers/getmetric/getmetric.go:23.33,27.4 3 0
github.com/h2p2f/practicum-metrics/internal/server/httpserver/handlers/getmetric/getmetric.go:29.3,32.32 3 1
github.com/h2p2f/practicum-metrics/internal/server/httpserver/handlers/getmetric/getmetric.go:32.32,35.4 2 1
github.com/h2p2f/practicum-metrics/internal/server/httpserver/handlers/getmetric/getmetric.go:37.3,37.17 1 1
github.com/h2p2f/practicum-metrics/internal/server/httpserver/handlers/getmetric/getmetric.go:38.16,40.18 2 1
github.com/h2p2f/practicum-metrics/internal/server/httpserver/handlers/getmetric/getmetric.go:40.18,43.5 2 0
github.com/h2p2f/practicum-metrics/internal/server/httpserver/handlers/getmetric/getmetric.go:44.4,45.18 2 1
github.com/h2p2f/practicum-metrics/internal/server/httpserver/handlers/getmetric/getmetric.go:45.18,49.5 3 0
github.com/h2p2f/practicum-metrics/internal/server/httpserver/handlers/getmetric/getmetric.go:50.18,52.18 2 1
github.com/h2p2f/practicum-metrics/internal/server/httpserver/handlers/getmetric/getmetric.go:52.18,55.5 1 0
github.com/h2p2f/practicum-metrics/internal/server/httpserver/handlers/getmetric/getmetric.go:56.4,57.18 2 1
github.com/h2p2f/practicum-metrics/internal/server/httpserver/handlers/getmetric/getmetric.go:57.18,61.5 2 0
github.com/h2p2f/practicum-metrics/internal/server/httpserver/handlers/getmetric/getmetric.go:62.11,64.10 2 0
github.com/h2p2f/practicum-metrics/internal/server/httpserver/handlers/getmetric/getmetric.go:67.3,68.31 2 1
github.com/h2p2f/practicum-metrics/internal/server/httpserver/handlers/updatejson/updatejson.go:23.60,24.54 1 1
github.com/h2p2f/practicum-metrics/internal/server/httpserver/handlers/updatejson/updatejson.go:24.54,26.34 1 1
github.com/h2p2f/practicum-metrics/internal/server/httpserver/handlers/updatejson/updatejson.go:26.34,30.4 3 0
github.com/h2p2f/practicum-metrics/internal/server/httpserver/handlers/updatejson/updatejson.go:32.3,34.65 2 1
github.com/h2p2f/practicum-metrics/internal/server/httpserver/handlers/updatejson/updatejson.go:34.65,38.4 3 0
github.com/h2p2f/practicum-metrics/internal/server/httpserver/handlers/updatejson/updatejson.go:40.3,40.44 1 1
github.com/h2p2f/practicum-metrics/internal/server/httpserver/handlers/updatejson/updatejson.go:40.44,43.4 2 1
github.com/h2p2f/practicum-metrics/internal/server/httpserver/handlers/updatejson/updatejson.go:46.3,46.47 1 1
github.com/h2p2f/practicum-metrics/internal/server/httpserver/handlers/updatejson/updatejson.go:46.47,49.4 2 0
github.com/h2p2f/practicum-metrics/internal/server/httpserver/handlers/updatejson/updatejson.go:52.3,52.47 1 1
github.com/h2p2f/practicum-metrics/internal/server/httpserver/handlers/updatejson/updatejson.go:52.47,55.4 2 1
github.com/h2p2f/practicum-metrics/internal/server/httpserver/handlers/updatejson/updatejson.go:57.3,59.15 2 1
github.com/h2p2f/practicum-metrics/internal/server/httpserver/handlers/updatejson/updatejson.go:60.19,61.4 1 1
github.com/h2p2f/practicum-metrics/internal/server/httpserver/handlers/updatejson/updatejson.go:61.4,62.25 1 1
github.com/h2p2f/practicum-metrics/internal/server/httpserver/handlers/updatejson/updatejson.go:63.18,64.43 1 1
github.com/h2p2f/practicum-metrics/internal/server/httpserver/handlers/updatejson/updatejson.go:65.20,66.6 1 0
github.com/h2p2f/practicum-metrics/internal/server/httpserver/handlers/updatejson/updatejson.go:66.6,69.7 2 0
github.com/h2p2f/practicum-metrics/internal/server/httpserver/handlers/updatejson/updatejson.go:70.13,72.12 2 0
github.com/h2p2f/practicum-metrics/internal/server/httpserver/handlers/updatejson/updatejson.go:76.18,77.4 1 0
github.com/h2p2f/practicum-metrics/internal/server/httpserver/handlers/updatejson/updatejson.go:77.4,78.25 1 0
github.com/h2p2f/practicum-metrics/internal/server/httpserver/handlers/updatejson/updatejson.go:79.18,80.6 1 0
github.com/h2p2f/practicum-metrics/internal/server/httpserver/handlers/updatejson/updatejson.go:80.6,83.7 2 0
github.com/h2p2f/practicum-metrics/internal/server/httpserver/handlers/updatejson/updatejson.go:84.20,85.6 1 0
github.com/h2p2f/practicum-metrics/internal/server/httpserver/handlers/updatejson/updatejson.go:85.6,88.7 2 0
github.com/h2p2f/practicum-metrics/internal/server/httpserver/handlers/updatejson/updatejson.go:93.3,94.17 2 1
github.com/h2p2f/practicum-metrics/internal/server/httpserver/handlers/updatejson/updatejson.go:94.17,98.4 3 0
github.com/h2p2f/practicum-metrics/internal/server/httpserver/handlers/updatejson/updatejson.go:101.3,103.42 3 1
github.com/h2p2f/practicum-metrics/internal/server/httpserver/handlers/updatejson/updatejson.go:103.42,107.4 3 0
github.com/h2p2f/practicum-metrics/internal/server/httpserver/handlers/updatemetric/updatemetric.go:21.60,22.54 1 1
github.com/h2p2f/practicum-metrics/internal/server/httpserver/handlers/updatemetric/updatemetric.go:22.54,24.34 1 1
github.com/h2p2f/practicum-metrics/internal/server/httpserver/handlers/updatemetric/updatemetric.go:24.34,28.4 3 0
github.com/h2p2f/practicum-metrics/internal/server/httpserver/handlers/updatemetric/updatemetric.go:30.3,34.19 4 1
github.com/h2p2f/practicum-metrics/internal/server/httpserver/handlers/updatemetric/updatemetric.go:34.19,39.4 3 1
github.com/h2p2f/practicum-metrics/internal/server/httpserver/handlers/updatemetric/updatemetric.go:40.3,40.31 1 1
github.com/h2p2f/practicum-metrics/internal/server/httpserver/handlers/updatemetric/updatemetric.go:40.31,43.4 2 0
github.com/h2p2f/practicum-metrics/internal/server/httpserver/handlers/updatemetric/updatemetric.go:45.3,45.17 1 1
github.com/h2p2f/practicum-metrics/internal/server/httpserver/handlers/updatemetric/updatemetric.go:46.16,49.18 2 1
github.com/h2p2f/practicum-metrics/internal/server/httpserver/handlers/updatemetric/updatemetric.go:49.18,53.5 3 0
github.com/h2p2f/practicum-metrics/internal/server/httpserver/handlers/updatemetric/updatemetric.go:55.4,55.13 1 1
github.com/h2p2f/practicum-metrics/internal/server/httpserver/handlers/updatemetric/updatemetric.go:55.13,59.5 3 0
github.com/h2p2f/practicum-metrics/internal/server/httpserver/handlers/updatemetric/updatemetric.go:61.4,61.23 1 1
github.com/h2p2f/practicum-metrics/internal/server/httpserver/handlers/updatemetric/updatemetric.go:62.18,65.18 2 1
github.com/h2p2f/practicum-metrics/internal/server/httpserver/handlers/updatemetric/updatemetric.go:65.18,69.5 3 0
github.com/h2p2f/practicum-metrics/internal/server/httpserver/handlers/updatemetric/updatemetric.go:71.4,71.13 1 1
github.com/h2p2f/practicum-metrics/internal/server/httpserver/handlers/updatemetric/updatemetric.go:71.13,75.5 3 1
github.com/h2p2f/practicum-metrics/internal/server/httpserver/handlers/updatemetric/updatemetric.go:77.4,77.25 1 0
github.com/h2p2f/practicum-metrics/internal/server/httpserver/handlers/updatemetric/updatemetric.go:79.11,82.10 3 0
github.com/h2p2f/practicum-metrics/internal/server/httpserver/handlers/updatesmetrics/updatesmetrics.go:22.60,23.54 1 1
github.com/h2p2f/practicum-metrics/internal/server/httpserver/handlers/updatesmetrics/updatesmetrics.go:23.54,25.34 1 1
github.com/h2p2f/practicum-metrics/internal/server/httpserver/handlers/updatesmetrics/updatesmetrics.go:25.34,29.4 3 0
github.com/h2p2f/practicum-metrics/internal/server/httpserver/handlers/updatesmetrics/updatesmetrics.go:31.3,36.17 3 1
github.com/h2p2f/practicum-metrics/internal/server/httpserver/handlers/updatesmetrics/updatesmetrics.go:36.17,40.4 3 0
github.com/h2p2f/practicum-metrics/internal/server/httpserver/handlers/updatesmetrics/updatesmetrics.go:42.3,43.17 2 1
github.com/h2p2f/practicum-metrics/internal/server/httpserver/handlers/updatesmetrics/updatesmetrics.go:43.17,47.4 3 0
github.com/h2p2f/practicum-metrics/internal/server/httpserver/handlers/updatesmetrics/updatesmetrics.go:49.3,49.34 1 1
github.com/h2p2f/practicum-metrics/internal/server/httpserver/handlers/updatesmetrics/updatesmetrics.go:49.34,50.24 1 1
github.com/h2p2f/practicum-metrics/internal/server/httpserver/handlers/updatesmetrics/updatesmetrics.go:51.17,53.26 1 1
github.com/h2p2f/practicum-metrics/internal/server/httpserver/handlers/updatesmetrics/updatesmetrics.go:53.26,56.6 2 0
github.com/h2p2f/practicum-metrics/internal/server/httpserver/handlers/updatesmetrics/updatesmetrics.go:58.5,58.42 1 1
github.com/h2p2f/practicum-metrics/internal/server/httpserver/handlers/updatesmetrics/updatesmetrics.go:59.19,61.26 1 1
github.com/h2p2f/practicum-metrics/internal/server/httpserver/handlers/updatesmetrics/updatesmetrics.go:61.26,64.6 2 1
github.com/h2p2f/practicum-metrics/internal/server/httpserver/handlers/updatesmetrics/updatesmetrics.go:66.5,66.44 1 1
github.com/h2p2f/practicum-metrics/internal/server/httpserver/handlers/updatesmetrics/updatesmetrics.go:70.3,70.31 1 1
